<?xml version="1.0" encoding="UTF-8"?>
<!-- Generated by org.testng.reporters.JUnitXMLReporter -->
<testsuite ignored="0" hostname="Madhu" failures="0" tests="3" name="Default test" time="0.079" errors="0" timestamp="2024-09-01T11:06:07 GMT-05:00">
  <testcase classname="restAPI.SampleTestNG" name="ClosePage" time="0.01"/>
  <testcase classname="restAPI.SampleTestNG" name="OnWebPage" time="0.005"/>
  <testcase classname="restAPI.SampleTestNG" name="openURL" time="0.002"/>
</testsuite> <!-- Default test -->
