<?xml version="1.0" encoding="UTF-8"?>
<testng-results ignored="0" total="3" passed="3" failed="0" skipped="0">
  <reporter-output>
  </reporter-output>
  <suite started-at="2024-09-01T11:06:07 GMT-05:00" name="Default suite" finished-at="2024-09-01T11:06:07 GMT-05:00" duration-ms="79">
    <groups>
    </groups>
    <test started-at="2024-09-01T11:06:07 GMT-05:00" name="Default test" finished-at="2024-09-01T11:06:07 GMT-05:00" duration-ms="79">
      <class name="restAPI.SampleTestNG">
        <test-method signature="ClosePage()[pri:0, instance:restAPI.SampleTestNG@33065d67]" started-at="2024-09-01T11:06:07 GMT-05:00" name="ClosePage" finished-at="2024-09-01T11:06:07 GMT-05:00" duration-ms="10" status="PASS">
          <reporter-output>
          </reporter-output>
        </test-method> <!-- ClosePage -->
        <test-method signature="OnWebPage()[pri:0, instance:restAPI.SampleTestNG@33065d67]" started-at="2024-09-01T11:06:07 GMT-05:00" name="OnWebPage" finished-at="2024-09-01T11:06:07 GMT-05:00" duration-ms="5" status="PASS">
          <reporter-output>
          </reporter-output>
        </test-method> <!-- OnWebPage -->
        <test-method signature="openURL()[pri:0, instance:restAPI.SampleTestNG@33065d67]" started-at="2024-09-01T11:06:07 GMT-05:00" name="openURL" finished-at="2024-09-01T11:06:07 GMT-05:00" duration-ms="2" status="PASS">
          <reporter-output>
          </reporter-output>
        </test-method> <!-- openURL -->
      </class> <!-- restAPI.SampleTestNG -->
    </test> <!-- Default test -->
  </suite> <!-- Default suite -->
</testng-results>
