<?xml version="1.0" encoding="UTF-8"?>
<!-- Generated by org.testng.reporters.JUnitReportReporter -->
<testsuite hostname="Madhu" failures="0" tests="3" name="restAPI.SampleTestNGTest" time="0.022" errors="0" timestamp="2024-09-11T15:59:19 GMT-05:00" skipped="0">
  <testcase classname="restAPI.SampleTestNGTest" name="ClosePage" time="0.019"/>
  <testcase classname="restAPI.SampleTestNGTest" name="openURL" time="0.001"/>
  <testcase classname="restAPI.SampleTestNGTest" name="OnWebPage" time="0.002"/>
</testsuite> <!-- restAPI.SampleTestNGTest -->
